2023-06-18 22:59:37.787 INFO  [main] [com.kakao.KakaoApplication] - Starting KakaoApplication using Java 18.0.2.1 with PID 1824 (C:\Users\dkdle\OneDrive\Desktop\module-test1\soso\kakao\target\classes started by dkdle in C:\Users\dkdle\OneDrive\Desktop\module-test1)
2023-06-18 22:59:37.789 INFO  [main] [com.kakao.KakaoApplication] - No active profile set, falling back to 1 default profile: "default"
2023-06-18 22:59:38.475 INFO  [main] [o.s.b.w.embedded.tomcat.TomcatWebServer] - Tomcat initialized with port(s): 8081 (http)
2023-06-18 22:59:38.480 INFO  [main] [o.apache.coyote.http11.Http11NioProtocol] - Initializing ProtocolHandler ["http-nio-8081"]
2023-06-18 22:59:38.481 INFO  [main] [o.apache.catalina.core.StandardService] - Starting service [Tomcat]
2023-06-18 22:59:38.482 INFO  [main] [org.apache.catalina.core.StandardEngine] - Starting Servlet engine: [Apache Tomcat/10.1.8]
2023-06-18 22:59:38.537 INFO  [main] [o.a.c.c.C.[Tomcat].[localhost].[/]] - Initializing Spring embedded WebApplicationContext
2023-06-18 22:59:38.537 INFO  [main] [o.s.b.w.s.c.ServletWebServerApplicationContext] - Root WebApplicationContext: initialization completed in 706 ms
2023-06-18 22:59:38.773 INFO  [main] [o.apache.coyote.http11.Http11NioProtocol] - Starting ProtocolHandler ["http-nio-8081"]
2023-06-18 22:59:38.785 INFO  [main] [o.s.b.w.embedded.tomcat.TomcatWebServer] - Tomcat started on port(s): 8081 (http) with context path ''
2023-06-18 22:59:38.791 INFO  [main] [com.kakao.KakaoApplication] - Started KakaoApplication in 1.376 seconds (process running for 1.617)
2023-06-18 22:59:44.467 INFO  [http-nio-8081-exec-1] [o.a.c.c.C.[Tomcat].[localhost].[/]] - Initializing Spring DispatcherServlet 'dispatcherServlet'
2023-06-18 22:59:44.467 INFO  [http-nio-8081-exec-1] [o.s.web.servlet.DispatcherServlet] - Initializing Servlet 'dispatcherServlet'
2023-06-18 22:59:44.468 INFO  [http-nio-8081-exec-1] [o.s.web.servlet.DispatcherServlet] - Completed initialization in 0 ms
2023-06-18 22:59:44.485 INFO  [http-nio-8081-exec-1] [com.kakao.controller.KakaoController] - 1111
2023-06-18 23:01:04.084 INFO  [main] [com.kakao.KakaoApplication] - Starting KakaoApplication using Java 18.0.2.1 with PID 5840 (C:\Users\dkdle\OneDrive\Desktop\module-test1\soso\kakao\target\classes started by dkdle in C:\Users\dkdle\OneDrive\Desktop\module-test1)
2023-06-18 23:01:04.086 INFO  [main] [com.kakao.KakaoApplication] - No active profile set, falling back to 1 default profile: "default"
2023-06-18 23:01:04.777 INFO  [main] [o.s.b.w.embedded.tomcat.TomcatWebServer] - Tomcat initialized with port(s): 8081 (http)
2023-06-18 23:01:04.784 INFO  [main] [o.apache.coyote.http11.Http11NioProtocol] - Initializing ProtocolHandler ["http-nio-8081"]
2023-06-18 23:01:04.785 INFO  [main] [o.apache.catalina.core.StandardService] - Starting service [Tomcat]
2023-06-18 23:01:04.785 INFO  [main] [org.apache.catalina.core.StandardEngine] - Starting Servlet engine: [Apache Tomcat/10.1.8]
2023-06-18 23:01:04.840 INFO  [main] [o.a.c.c.C.[Tomcat].[localhost].[/]] - Initializing Spring embedded WebApplicationContext
2023-06-18 23:01:04.841 INFO  [main] [o.s.b.w.s.c.ServletWebServerApplicationContext] - Root WebApplicationContext: initialization completed in 713 ms
2023-06-18 23:01:05.067 INFO  [main] [o.apache.coyote.http11.Http11NioProtocol] - Starting ProtocolHandler ["http-nio-8081"]
2023-06-18 23:01:05.081 INFO  [main] [o.s.b.w.embedded.tomcat.TomcatWebServer] - Tomcat started on port(s): 8081 (http) with context path ''
2023-06-18 23:01:05.089 INFO  [main] [com.kakao.KakaoApplication] - Started KakaoApplication in 1.396 seconds (process running for 1.635)
2023-06-18 23:01:24.472 INFO  [main] [com.login.LoginApplication] - Starting LoginApplication using Java 18.0.2.1 with PID 11252 (C:\Users\dkdle\OneDrive\Desktop\module-test1\soso\login\target\classes started by dkdle in C:\Users\dkdle\OneDrive\Desktop\module-test1)
2023-06-18 23:01:24.474 INFO  [main] [com.login.LoginApplication] - No active profile set, falling back to 1 default profile: "default"
2023-06-18 23:01:25.104 INFO  [main] [o.s.b.w.embedded.tomcat.TomcatWebServer] - Tomcat initialized with port(s): 8082 (http)
2023-06-18 23:01:25.110 INFO  [main] [o.apache.coyote.http11.Http11NioProtocol] - Initializing ProtocolHandler ["http-nio-8082"]
2023-06-18 23:01:25.110 INFO  [main] [o.apache.catalina.core.StandardService] - Starting service [Tomcat]
2023-06-18 23:01:25.110 INFO  [main] [org.apache.catalina.core.StandardEngine] - Starting Servlet engine: [Apache Tomcat/10.1.8]
2023-06-18 23:01:25.175 INFO  [main] [o.a.c.c.C.[Tomcat].[localhost].[/]] - Initializing Spring embedded WebApplicationContext
2023-06-18 23:01:25.176 INFO  [main] [o.s.b.w.s.c.ServletWebServerApplicationContext] - Root WebApplicationContext: initialization completed in 663 ms
2023-06-18 23:01:25.406 INFO  [main] [o.apache.coyote.http11.Http11NioProtocol] - Starting ProtocolHandler ["http-nio-8082"]
2023-06-18 23:01:25.417 INFO  [main] [o.s.b.w.embedded.tomcat.TomcatWebServer] - Tomcat started on port(s): 8082 (http) with context path ''
2023-06-18 23:01:25.422 INFO  [main] [com.login.LoginApplication] - Started LoginApplication in 1.408 seconds (process running for 1.637)
2023-06-18 23:01:30.710 INFO  [http-nio-8081-exec-1] [o.a.c.c.C.[Tomcat].[localhost].[/]] - Initializing Spring DispatcherServlet 'dispatcherServlet'
2023-06-18 23:01:30.711 INFO  [http-nio-8081-exec-1] [o.s.web.servlet.DispatcherServlet] - Initializing Servlet 'dispatcherServlet'
2023-06-18 23:01:30.711 INFO  [http-nio-8081-exec-1] [o.s.web.servlet.DispatcherServlet] - Completed initialization in 0 ms
2023-06-18 23:01:30.726 INFO  [http-nio-8081-exec-1] [com.kakao.controller.KakaoController] - kakao
2023-06-18 23:01:41.679 INFO  [http-nio-8082-exec-1] [o.a.c.c.C.[Tomcat].[localhost].[/]] - Initializing Spring DispatcherServlet 'dispatcherServlet'
2023-06-18 23:01:41.680 INFO  [http-nio-8082-exec-1] [o.s.web.servlet.DispatcherServlet] - Initializing Servlet 'dispatcherServlet'
2023-06-18 23:01:41.680 INFO  [http-nio-8082-exec-1] [o.s.web.servlet.DispatcherServlet] - Completed initialization in 0 ms
2023-06-18 23:01:41.696 INFO  [http-nio-8082-exec-1] [com.login.LoginController] - login
2023-06-18 23:21:24.186 INFO  [http-nio-8082-exec-5] [com.login.LoginController] - login
2023-06-18 23:21:24.666 INFO  [http-nio-8082-exec-6] [com.login.LoginController] - login
2023-06-18 23:21:25.254 INFO  [http-nio-8082-exec-7] [com.login.LoginController] - login
2023-06-18 23:21:26.534 INFO  [http-nio-8081-exec-5] [com.kakao.controller.KakaoController] - kakao
2023-06-18 23:21:27.082 INFO  [http-nio-8081-exec-6] [com.kakao.controller.KakaoController] - kakao
2023-06-18 23:21:27.625 INFO  [http-nio-8081-exec-7] [com.kakao.controller.KakaoController] - kakao
2023-06-18 23:22:37.122 INFO  [com.kakao.KakaoApplication] - Starting KakaoApplication using Java 18.0.2.1 with PID 4080 (C:\Users\dkdle\OneDrive\Desktop\module-test1\soso\kakao\target\classes started by dkdle in C:\Users\dkdle\OneDrive\Desktop\module-test1)
2023-06-18 23:22:37.125 INFO  [com.kakao.KakaoApplication] - No active profile set, falling back to 1 default profile: "default"
2023-06-18 23:22:37.746 INFO  [o.s.b.w.embedded.tomcat.TomcatWebServer] - Tomcat initialized with port(s): 8081 (http)
2023-06-18 23:22:37.752 INFO  [o.apache.coyote.http11.Http11NioProtocol] - Initializing ProtocolHandler ["http-nio-8081"]
2023-06-18 23:22:37.753 INFO  [o.apache.catalina.core.StandardService] - Starting service [Tomcat]
2023-06-18 23:22:37.753 INFO  [org.apache.catalina.core.StandardEngine] - Starting Servlet engine: [Apache Tomcat/10.1.8]
2023-06-18 23:22:37.814 INFO  [o.a.c.c.C.[Tomcat].[localhost].[/]] - Initializing Spring embedded WebApplicationContext
2023-06-18 23:22:37.815 INFO  [o.s.b.w.s.c.ServletWebServerApplicationContext] - Root WebApplicationContext: initialization completed in 652 ms
2023-06-18 23:22:38.049 INFO  [o.apache.coyote.http11.Http11NioProtocol] - Starting ProtocolHandler ["http-nio-8081"]
2023-06-18 23:22:38.060 INFO  [o.s.b.w.embedded.tomcat.TomcatWebServer] - Tomcat started on port(s): 8081 (http) with context path ''
2023-06-18 23:22:38.067 INFO  [com.kakao.KakaoApplication] - Started KakaoApplication in 1.309 seconds (process running for 1.555)
2023-06-18 23:22:41.274 INFO  [com.login.LoginApplication] - Starting LoginApplication using Java 18.0.2.1 with PID 1132 (C:\Users\dkdle\OneDrive\Desktop\module-test1\soso\login\target\classes started by dkdle in C:\Users\dkdle\OneDrive\Desktop\module-test1)
2023-06-18 23:22:41.276 INFO  [com.login.LoginApplication] - No active profile set, falling back to 1 default profile: "default"
2023-06-18 23:22:41.928 INFO  [o.s.b.w.embedded.tomcat.TomcatWebServer] - Tomcat initialized with port(s): 8082 (http)
2023-06-18 23:22:41.934 INFO  [o.apache.coyote.http11.Http11NioProtocol] - Initializing ProtocolHandler ["http-nio-8082"]
2023-06-18 23:22:41.935 INFO  [o.apache.catalina.core.StandardService] - Starting service [Tomcat]
2023-06-18 23:22:41.935 INFO  [org.apache.catalina.core.StandardEngine] - Starting Servlet engine: [Apache Tomcat/10.1.8]
2023-06-18 23:22:41.994 INFO  [o.a.c.c.C.[Tomcat].[localhost].[/]] - Initializing Spring embedded WebApplicationContext
2023-06-18 23:22:41.994 INFO  [o.s.b.w.s.c.ServletWebServerApplicationContext] - Root WebApplicationContext: initialization completed in 670 ms
2023-06-18 23:22:42.216 INFO  [o.apache.coyote.http11.Http11NioProtocol] - Starting ProtocolHandler ["http-nio-8082"]
2023-06-18 23:22:42.229 INFO  [o.s.b.w.embedded.tomcat.TomcatWebServer] - Tomcat started on port(s): 8082 (http) with context path ''
2023-06-18 23:22:42.234 INFO  [com.login.LoginApplication] - Started LoginApplication in 1.34 seconds (process running for 1.57)
2023-06-18 23:22:47.766 INFO  [o.a.c.c.C.[Tomcat].[localhost].[/]] - Initializing Spring DispatcherServlet 'dispatcherServlet'
2023-06-18 23:22:47.766 INFO  [o.s.web.servlet.DispatcherServlet] - Initializing Servlet 'dispatcherServlet'
2023-06-18 23:22:47.767 INFO  [o.s.web.servlet.DispatcherServlet] - Completed initialization in 1 ms
2023-06-18 23:22:47.784 INFO  [com.kakao.controller.KakaoController] - kakao
2023-06-18 23:22:47.980 INFO  [com.kakao.controller.KakaoController] - kakao
2023-06-18 23:22:48.909 INFO  [o.a.c.c.C.[Tomcat].[localhost].[/]] - Initializing Spring DispatcherServlet 'dispatcherServlet'
2023-06-18 23:22:48.909 INFO  [o.s.web.servlet.DispatcherServlet] - Initializing Servlet 'dispatcherServlet'
2023-06-18 23:22:48.910 INFO  [o.s.web.servlet.DispatcherServlet] - Completed initialization in 1 ms
2023-06-18 23:22:48.926 INFO  [com.login.LoginController] - login
2023-06-18 23:22:49.251 INFO  [com.login.LoginController] - login
2023-06-18 23:25:48.377 INFO  [com.login.LoginApplication] - Starting LoginApplication using Java 18.0.2.1 with PID 6100 (C:\Users\dkdle\OneDrive\Desktop\module-test1\soso\login\target\classes started by dkdle in C:\Users\dkdle\OneDrive\Desktop\module-test1)
2023-06-18 23:25:48.380 INFO  [com.login.LoginApplication] - No active profile set, falling back to 1 default profile: "default"
2023-06-18 23:25:49.077 INFO  [o.s.b.w.embedded.tomcat.TomcatWebServer] - Tomcat initialized with port(s): 8082 (http)
2023-06-18 23:25:49.082 INFO  [o.apache.coyote.http11.Http11NioProtocol] - Initializing ProtocolHandler ["http-nio-8082"]
2023-06-18 23:25:49.082 INFO  [o.apache.catalina.core.StandardService] - Starting service [Tomcat]
2023-06-18 23:25:49.082 INFO  [org.apache.catalina.core.StandardEngine] - Starting Servlet engine: [Apache Tomcat/10.1.8]
2023-06-18 23:25:49.143 INFO  [o.a.c.c.C.[Tomcat].[localhost].[/]] - Initializing Spring embedded WebApplicationContext
2023-06-18 23:25:49.143 INFO  [o.s.b.w.s.c.ServletWebServerApplicationContext] - Root WebApplicationContext: initialization completed in 723 ms
2023-06-18 23:25:49.380 INFO  [o.apache.coyote.http11.Http11NioProtocol] - Starting ProtocolHandler ["http-nio-8082"]
2023-06-18 23:25:49.392 INFO  [o.s.b.w.embedded.tomcat.TomcatWebServer] - Tomcat started on port(s): 8082 (http) with context path ''
2023-06-18 23:25:49.397 INFO  [com.login.LoginApplication] - Started LoginApplication in 1.403 seconds (process running for 1.649)
2023-06-18 23:25:55.257 INFO  [com.kakao.KakaoApplication] - Starting KakaoApplication using Java 18.0.2.1 with PID 9272 (C:\Users\dkdle\OneDrive\Desktop\module-test1\soso\kakao\target\classes started by dkdle in C:\Users\dkdle\OneDrive\Desktop\module-test1)
2023-06-18 23:25:55.260 INFO  [com.kakao.KakaoApplication] - No active profile set, falling back to 1 default profile: "default"
2023-06-18 23:25:55.952 INFO  [o.s.b.w.embedded.tomcat.TomcatWebServer] - Tomcat initialized with port(s): 8081 (http)
2023-06-18 23:25:55.958 INFO  [o.apache.coyote.http11.Http11NioProtocol] - Initializing ProtocolHandler ["http-nio-8081"]
2023-06-18 23:25:55.958 INFO  [o.apache.catalina.core.StandardService] - Starting service [Tomcat]
2023-06-18 23:25:55.958 INFO  [org.apache.catalina.core.StandardEngine] - Starting Servlet engine: [Apache Tomcat/10.1.8]
2023-06-18 23:25:56.022 INFO  [o.a.c.c.C.[Tomcat].[localhost].[/]] - Initializing Spring embedded WebApplicationContext
2023-06-18 23:25:56.023 INFO  [o.s.b.w.s.c.ServletWebServerApplicationContext] - Root WebApplicationContext: initialization completed in 720 ms
2023-06-18 23:25:56.273 INFO  [o.apache.coyote.http11.Http11NioProtocol] - Starting ProtocolHandler ["http-nio-8081"]
2023-06-18 23:25:56.286 INFO  [o.s.b.w.embedded.tomcat.TomcatWebServer] - Tomcat started on port(s): 8081 (http) with context path ''
2023-06-18 23:25:56.293 INFO  [com.kakao.KakaoApplication] - Started KakaoApplication in 1.413 seconds (process running for 1.674)
2023-06-18 23:27:39.872 INFO  [o.a.c.c.C.[Tomcat].[localhost].[/]] - Initializing Spring DispatcherServlet 'dispatcherServlet'
2023-06-18 23:27:39.872 INFO  [o.s.web.servlet.DispatcherServlet] - Initializing Servlet 'dispatcherServlet'
2023-06-18 23:27:39.872 INFO  [o.s.web.servlet.DispatcherServlet] - Completed initialization in 0 ms
2023-06-18 23:27:39.888 INFO  [com.kakao.controller.KakaoController] - kakao
2023-06-18 23:27:39.888 INFO  [com.common.Common] - common
2023-06-18 23:27:43.116 INFO  [com.kakao.controller.KakaoController] - kakao
2023-06-18 23:27:43.116 INFO  [com.common.Common] - common
2023-06-18 23:27:44.710 INFO  [o.a.c.c.C.[Tomcat].[localhost].[/]] - Initializing Spring DispatcherServlet 'dispatcherServlet'
2023-06-18 23:27:44.711 INFO  [o.s.web.servlet.DispatcherServlet] - Initializing Servlet 'dispatcherServlet'
2023-06-18 23:27:44.711 INFO  [o.s.web.servlet.DispatcherServlet] - Completed initialization in 0 ms
2023-06-18 23:27:44.727 INFO  [com.login.LoginController] - login
2023-06-18 23:27:44.728 INFO  [com.common.Common] - common
2023-06-18 23:27:47.076 INFO  [com.login.LoginController] - login
2023-06-18 23:27:47.076 INFO  [com.common.Common] - common
2023-06-18 23:40:46.213 INFO  [com.common.jasypt.main] - Starting main using Java 18.0.2.1 with PID 2280 (C:\Users\dkdle\OneDrive\Desktop\module-test1\soso\common\target\classes started by dkdle in C:\Users\dkdle\OneDrive\Desktop\module-test1)
2023-06-18 23:40:46.214 INFO  [com.common.jasypt.main] - No active profile set, falling back to 1 default profile: "default"
2023-06-18 23:40:46.270 WARN  [o.s.b.w.s.c.AnnotationConfigServletWebServerApplicationContext] - Exception encountered during context initialization - cancelling refresh attempt: org.springframework.context.ApplicationContextException: Unable to start web server
2023-06-18 23:40:46.308 ERROR [o.s.b.d.LoggingFailureAnalysisReporter] - 

***************************
APPLICATION FAILED TO START
***************************

Description:

Web application could not be started as there was no org.springframework.boot.web.servlet.server.ServletWebServerFactory bean defined in the context.

Action:

Check your application's dependencies for a supported servlet web server.
Check the configured web application type.

2023-06-18 23:52:57.595 INFO  [com.kakao.KakaoApplication] - Starting KakaoApplication using Java 18.0.2.1 with PID 14388 (C:\Users\dkdle\OneDrive\Desktop\module-test1\soso\kakao\target\classes started by dkdle in C:\Users\dkdle\OneDrive\Desktop\module-test1)
2023-06-18 23:52:57.597 INFO  [com.kakao.KakaoApplication] - No active profile set, falling back to 1 default profile: "default"
2023-06-18 23:52:58.255 INFO  [o.s.b.w.embedded.tomcat.TomcatWebServer] - Tomcat initialized with port(s): 8081 (http)
2023-06-18 23:52:58.261 INFO  [o.apache.coyote.http11.Http11NioProtocol] - Initializing ProtocolHandler ["http-nio-8081"]
2023-06-18 23:52:58.262 INFO  [o.apache.catalina.core.StandardService] - Starting service [Tomcat]
2023-06-18 23:52:58.262 INFO  [org.apache.catalina.core.StandardEngine] - Starting Servlet engine: [Apache Tomcat/10.1.8]
2023-06-18 23:52:58.321 INFO  [o.a.c.c.C.[Tomcat].[localhost].[/]] - Initializing Spring embedded WebApplicationContext
2023-06-18 23:52:58.322 INFO  [o.s.b.w.s.c.ServletWebServerApplicationContext] - Root WebApplicationContext: initialization completed in 681 ms
2023-06-18 23:52:58.360 WARN  [o.s.b.w.s.c.AnnotationConfigServletWebServerApplicationContext] - Exception encountered during context initialization - cancelling refresh attempt: org.springframework.beans.factory.UnsatisfiedDependencyException: Error creating bean with name 'kakaoController': Unsatisfied dependency expressed through field 'kakaoService': No qualifying bean of type 'com.kakao.service.itf.KakaoService' available: expected at least 1 bean which qualifies as autowire candidate. Dependency annotations: {@org.springframework.beans.factory.annotation.Autowired(required=true)}
2023-06-18 23:52:58.362 INFO  [o.apache.catalina.core.StandardService] - Stopping service [Tomcat]
2023-06-18 23:52:58.372 INFO  [o.s.b.a.l.ConditionEvaluationReportLogger] - 

Error starting ApplicationContext. To display the condition evaluation report re-run your application with 'debug' enabled.
2023-06-18 23:52:58.388 ERROR [o.s.b.d.LoggingFailureAnalysisReporter] - 

***************************
APPLICATION FAILED TO START
***************************

Description:

Field kakaoService in com.kakao.controller.KakaoController required a bean of type 'com.kakao.service.itf.KakaoService' that could not be found.

The injection point has the following annotations:
	- @org.springframework.beans.factory.annotation.Autowired(required=true)


Action:

Consider defining a bean of type 'com.kakao.service.itf.KakaoService' in your configuration.

2023-06-18 23:54:06.982 INFO  [com.kakao.KakaoApplication] - Starting KakaoApplication using Java 18.0.2.1 with PID 1928 (C:\Users\dkdle\OneDrive\Desktop\module-test1\soso\kakao\target\classes started by dkdle in C:\Users\dkdle\OneDrive\Desktop\module-test1)
2023-06-18 23:54:06.985 INFO  [com.kakao.KakaoApplication] - No active profile set, falling back to 1 default profile: "default"
2023-06-18 23:54:07.632 INFO  [o.s.b.w.embedded.tomcat.TomcatWebServer] - Tomcat initialized with port(s): 8081 (http)
2023-06-18 23:54:07.637 INFO  [o.apache.coyote.http11.Http11NioProtocol] - Initializing ProtocolHandler ["http-nio-8081"]
2023-06-18 23:54:07.638 INFO  [o.apache.catalina.core.StandardService] - Starting service [Tomcat]
2023-06-18 23:54:07.638 INFO  [org.apache.catalina.core.StandardEngine] - Starting Servlet engine: [Apache Tomcat/10.1.8]
2023-06-18 23:54:07.698 INFO  [o.a.c.c.C.[Tomcat].[localhost].[/]] - Initializing Spring embedded WebApplicationContext
2023-06-18 23:54:07.698 INFO  [o.s.b.w.s.c.ServletWebServerApplicationContext] - Root WebApplicationContext: initialization completed in 665 ms
2023-06-18 23:54:07.736 WARN  [o.s.b.w.s.c.AnnotationConfigServletWebServerApplicationContext] - Exception encountered during context initialization - cancelling refresh attempt: org.springframework.beans.factory.UnsatisfiedDependencyException: Error creating bean with name 'kakaoController': Unsatisfied dependency expressed through field 'kakaoService': No qualifying bean of type 'com.kakao.service.itf.KakaoService' available: expected at least 1 bean which qualifies as autowire candidate. Dependency annotations: {@org.springframework.beans.factory.annotation.Autowired(required=true)}
2023-06-18 23:54:07.738 INFO  [o.apache.catalina.core.StandardService] - Stopping service [Tomcat]
2023-06-18 23:54:07.751 INFO  [o.s.b.a.l.ConditionEvaluationReportLogger] - 

Error starting ApplicationContext. To display the condition evaluation report re-run your application with 'debug' enabled.
2023-06-18 23:54:07.768 ERROR [o.s.b.d.LoggingFailureAnalysisReporter] - 

***************************
APPLICATION FAILED TO START
***************************

Description:

Field kakaoService in com.kakao.controller.KakaoController required a bean of type 'com.kakao.service.itf.KakaoService' that could not be found.

The injection point has the following annotations:
	- @org.springframework.beans.factory.annotation.Autowired(required=true)


Action:

Consider defining a bean of type 'com.kakao.service.itf.KakaoService' in your configuration.

2023-06-18 23:54:30.294 INFO  [com.kakao.KakaoApplication] - Starting KakaoApplication using Java 18.0.2.1 with PID 5616 (C:\Users\dkdle\OneDrive\Desktop\module-test1\soso\kakao\target\classes started by dkdle in C:\Users\dkdle\OneDrive\Desktop\module-test1)
2023-06-18 23:54:30.298 INFO  [com.kakao.KakaoApplication] - No active profile set, falling back to 1 default profile: "default"
2023-06-18 23:54:30.963 INFO  [o.s.b.w.embedded.tomcat.TomcatWebServer] - Tomcat initialized with port(s): 8081 (http)
2023-06-18 23:54:30.968 INFO  [o.apache.coyote.http11.Http11NioProtocol] - Initializing ProtocolHandler ["http-nio-8081"]
2023-06-18 23:54:30.969 INFO  [o.apache.catalina.core.StandardService] - Starting service [Tomcat]
2023-06-18 23:54:30.969 INFO  [org.apache.catalina.core.StandardEngine] - Starting Servlet engine: [Apache Tomcat/10.1.8]
2023-06-18 23:54:31.025 INFO  [o.a.c.c.C.[Tomcat].[localhost].[/]] - Initializing Spring embedded WebApplicationContext
2023-06-18 23:54:31.025 INFO  [o.s.b.w.s.c.ServletWebServerApplicationContext] - Root WebApplicationContext: initialization completed in 685 ms
2023-06-18 23:54:31.062 WARN  [o.s.b.w.s.c.AnnotationConfigServletWebServerApplicationContext] - Exception encountered during context initialization - cancelling refresh attempt: org.springframework.beans.factory.UnsatisfiedDependencyException: Error creating bean with name 'kakaoController': Unsatisfied dependency expressed through field 'kakaoService': No qualifying bean of type 'com.kakao.service.itf.KakaoService' available: expected at least 1 bean which qualifies as autowire candidate. Dependency annotations: {@org.springframework.beans.factory.annotation.Autowired(required=true)}
2023-06-18 23:54:31.064 INFO  [o.apache.catalina.core.StandardService] - Stopping service [Tomcat]
2023-06-18 23:54:31.075 INFO  [o.s.b.a.l.ConditionEvaluationReportLogger] - 

Error starting ApplicationContext. To display the condition evaluation report re-run your application with 'debug' enabled.
2023-06-18 23:54:31.091 ERROR [o.s.b.d.LoggingFailureAnalysisReporter] - 

***************************
APPLICATION FAILED TO START
***************************

Description:

Field kakaoService in com.kakao.controller.KakaoController required a bean of type 'com.kakao.service.itf.KakaoService' that could not be found.

The injection point has the following annotations:
	- @org.springframework.beans.factory.annotation.Autowired(required=true)


Action:

Consider defining a bean of type 'com.kakao.service.itf.KakaoService' in your configuration.

2023-06-18 23:54:57.924 INFO  [com.kakao.KakaoApplication] - Starting KakaoApplication using Java 18.0.2.1 with PID 1724 (C:\Users\dkdle\OneDrive\Desktop\module-test1\soso\kakao\target\classes started by dkdle in C:\Users\dkdle\OneDrive\Desktop\module-test1)
2023-06-18 23:54:57.926 INFO  [com.kakao.KakaoApplication] - No active profile set, falling back to 1 default profile: "default"
2023-06-18 23:54:58.568 INFO  [o.s.b.w.embedded.tomcat.TomcatWebServer] - Tomcat initialized with port(s): 8081 (http)
2023-06-18 23:54:58.574 INFO  [o.apache.coyote.http11.Http11NioProtocol] - Initializing ProtocolHandler ["http-nio-8081"]
2023-06-18 23:54:58.574 INFO  [o.apache.catalina.core.StandardService] - Starting service [Tomcat]
2023-06-18 23:54:58.574 INFO  [org.apache.catalina.core.StandardEngine] - Starting Servlet engine: [Apache Tomcat/10.1.8]
2023-06-18 23:54:58.628 INFO  [o.a.c.c.C.[Tomcat].[localhost].[/]] - Initializing Spring embedded WebApplicationContext
2023-06-18 23:54:58.628 INFO  [o.s.b.w.s.c.ServletWebServerApplicationContext] - Root WebApplicationContext: initialization completed in 656 ms
2023-06-18 23:54:58.852 INFO  [o.apache.coyote.http11.Http11NioProtocol] - Starting ProtocolHandler ["http-nio-8081"]
2023-06-18 23:54:58.865 INFO  [o.s.b.w.embedded.tomcat.TomcatWebServer] - Tomcat started on port(s): 8081 (http) with context path ''
2023-06-18 23:54:58.871 INFO  [com.kakao.KakaoApplication] - Started KakaoApplication in 1.31 seconds (process running for 1.542)
2023-06-18 23:55:04.789 INFO  [o.a.c.c.C.[Tomcat].[localhost].[/]] - Initializing Spring DispatcherServlet 'dispatcherServlet'
2023-06-18 23:55:04.789 INFO  [o.s.web.servlet.DispatcherServlet] - Initializing Servlet 'dispatcherServlet'
2023-06-18 23:55:04.790 INFO  [o.s.web.servlet.DispatcherServlet] - Completed initialization in 1 ms
2023-06-18 23:55:04.807 INFO  [com.kakao.controller.KakaoController] - kakao
2023-06-18 23:55:04.807 INFO  [com.common.Common] - common
2023-06-18 23:55:54.637 INFO  [com.kakao.KakaoApplication] - Starting KakaoApplication using Java 18.0.2.1 with PID 9108 (C:\Users\dkdle\OneDrive\Desktop\module-test1\soso\kakao\target\classes started by dkdle in C:\Users\dkdle\OneDrive\Desktop\module-test1)
2023-06-18 23:55:54.638 INFO  [com.kakao.KakaoApplication] - No active profile set, falling back to 1 default profile: "default"
2023-06-18 23:55:55.346 INFO  [o.s.b.w.embedded.tomcat.TomcatWebServer] - Tomcat initialized with port(s): 8081 (http)
2023-06-18 23:55:55.351 INFO  [o.apache.coyote.http11.Http11NioProtocol] - Initializing ProtocolHandler ["http-nio-8081"]
2023-06-18 23:55:55.352 INFO  [o.apache.catalina.core.StandardService] - Starting service [Tomcat]
2023-06-18 23:55:55.352 INFO  [org.apache.catalina.core.StandardEngine] - Starting Servlet engine: [Apache Tomcat/10.1.8]
2023-06-18 23:55:55.408 INFO  [o.a.c.c.C.[Tomcat].[localhost].[/]] - Initializing Spring embedded WebApplicationContext
2023-06-18 23:55:55.408 INFO  [o.s.b.w.s.c.ServletWebServerApplicationContext] - Root WebApplicationContext: initialization completed in 731 ms
2023-06-18 23:55:55.643 INFO  [o.apache.coyote.http11.Http11NioProtocol] - Starting ProtocolHandler ["http-nio-8081"]
2023-06-18 23:55:55.653 INFO  [o.s.b.w.embedded.tomcat.TomcatWebServer] - Tomcat started on port(s): 8081 (http) with context path ''
2023-06-18 23:55:55.659 INFO  [com.kakao.KakaoApplication] - Started KakaoApplication in 1.425 seconds (process running for 1.707)
2023-06-18 23:55:57.924 INFO  [o.a.c.c.C.[Tomcat].[localhost].[/]] - Initializing Spring DispatcherServlet 'dispatcherServlet'
2023-06-18 23:55:57.924 INFO  [o.s.web.servlet.DispatcherServlet] - Initializing Servlet 'dispatcherServlet'
2023-06-18 23:55:57.925 INFO  [o.s.web.servlet.DispatcherServlet] - Completed initialization in 1 ms
2023-06-18 23:55:57.942 ERROR [o.a.c.c.C.[.[.[/].[dispatcherServlet]] - Servlet.service() for servlet [dispatcherServlet] in context with path [] threw exception [Request processing failed: java.lang.NullPointerException: Cannot invoke "com.kakao.ra.itf.KakaoRAO.testAll()" because "this.rao" is null] with root cause
java.lang.NullPointerException: Cannot invoke "com.kakao.ra.itf.KakaoRAO.testAll()" because "this.rao" is null
	at com.kakao.service.KakaoServiceImpl.testAll(KakaoServiceImpl.java:20)
	at com.kakao.controller.KakaoController.kakaoAll(KakaoController.java:33)
	at java.base/jdk.internal.reflect.DirectMethodHandleAccessor.invoke(DirectMethodHandleAccessor.java:104)
	at java.base/java.lang.reflect.Method.invoke(Method.java:577)
	at org.springframework.web.method.support.InvocableHandlerMethod.doInvoke(InvocableHandlerMethod.java:207)
	at org.springframework.web.method.support.InvocableHandlerMethod.invokeForRequest(InvocableHandlerMethod.java:152)
	at org.springframework.web.servlet.mvc.method.annotation.ServletInvocableHandlerMethod.invokeAndHandle(ServletInvocableHandlerMethod.java:118)
	at org.springframework.web.servlet.mvc.method.annotation.RequestMappingHandlerAdapter.invokeHandlerMethod(RequestMappingHandlerAdapter.java:884)
	at org.springframework.web.servlet.mvc.method.annotation.RequestMappingHandlerAdapter.handleInternal(RequestMappingHandlerAdapter.java:797)
	at org.springframework.web.servlet.mvc.method.AbstractHandlerMethodAdapter.handle(AbstractHandlerMethodAdapter.java:87)
	at org.springframework.web.servlet.DispatcherServlet.doDispatch(DispatcherServlet.java:1081)
	at org.springframework.web.servlet.DispatcherServlet.doService(DispatcherServlet.java:974)
	at org.springframework.web.servlet.FrameworkServlet.processRequest(FrameworkServlet.java:1011)
	at org.springframework.web.servlet.FrameworkServlet.doGet(FrameworkServlet.java:903)
	at jakarta.servlet.http.HttpServlet.service(HttpServlet.java:564)
	at org.springframework.web.servlet.FrameworkServlet.service(FrameworkServlet.java:885)
	at jakarta.servlet.http.HttpServlet.service(HttpServlet.java:658)
	at org.apache.catalina.core.ApplicationFilterChain.internalDoFilter(ApplicationFilterChain.java:205)
	at org.apache.catalina.core.ApplicationFilterChain.doFilter(ApplicationFilterChain.java:149)
	at org.apache.tomcat.websocket.server.WsFilter.doFilter(WsFilter.java:51)
	at org.apache.catalina.core.ApplicationFilterChain.internalDoFilter(ApplicationFilterChain.java:174)
	at org.apache.catalina.core.ApplicationFilterChain.doFilter(ApplicationFilterChain.java:149)
	at org.springframework.web.filter.RequestContextFilter.doFilterInternal(RequestContextFilter.java:100)
	at org.springframework.web.filter.OncePerRequestFilter.doFilter(OncePerRequestFilter.java:116)
	at org.apache.catalina.core.ApplicationFilterChain.internalDoFilter(ApplicationFilterChain.java:174)
	at org.apache.catalina.core.ApplicationFilterChain.doFilter(ApplicationFilterChain.java:149)
	at org.springframework.web.filter.FormContentFilter.doFilterInternal(FormContentFilter.java:93)
	at org.springframework.web.filter.OncePerRequestFilter.doFilter(OncePerRequestFilter.java:116)
	at org.apache.catalina.core.ApplicationFilterChain.internalDoFilter(ApplicationFilterChain.java:174)
	at org.apache.catalina.core.ApplicationFilterChain.doFilter(ApplicationFilterChain.java:149)
	at org.springframework.web.filter.CharacterEncodingFilter.doFilterInternal(CharacterEncodingFilter.java:201)
	at org.springframework.web.filter.OncePerRequestFilter.doFilter(OncePerRequestFilter.java:116)
	at org.apache.catalina.core.ApplicationFilterChain.internalDoFilter(ApplicationFilterChain.java:174)
	at org.apache.catalina.core.ApplicationFilterChain.doFilter(ApplicationFilterChain.java:149)
	at org.apache.catalina.core.StandardWrapperValve.invoke(StandardWrapperValve.java:166)
	at org.apache.catalina.core.StandardContextValve.invoke(StandardContextValve.java:90)
	at org.apache.catalina.authenticator.AuthenticatorBase.invoke(AuthenticatorBase.java:482)
	at org.apache.catalina.core.StandardHostValve.invoke(StandardHostValve.java:115)
	at org.apache.catalina.valves.ErrorReportValve.invoke(ErrorReportValve.java:93)
	at org.apache.catalina.core.StandardEngineValve.invoke(StandardEngineValve.java:74)
	at org.apache.catalina.connector.CoyoteAdapter.service(CoyoteAdapter.java:341)
	at org.apache.coyote.http11.Http11Processor.service(Http11Processor.java:390)
	at org.apache.coyote.AbstractProcessorLight.process(AbstractProcessorLight.java:63)
	at org.apache.coyote.AbstractProtocol$ConnectionHandler.process(AbstractProtocol.java:894)
	at org.apache.tomcat.util.net.NioEndpoint$SocketProcessor.doRun(NioEndpoint.java:1741)
	at org.apache.tomcat.util.net.SocketProcessorBase.run(SocketProcessorBase.java:52)
	at org.apache.tomcat.util.threads.ThreadPoolExecutor.runWorker(ThreadPoolExecutor.java:1191)
	at org.apache.tomcat.util.threads.ThreadPoolExecutor$Worker.run(ThreadPoolExecutor.java:659)
	at org.apache.tomcat.util.threads.TaskThread$WrappingRunnable.run(TaskThread.java:61)
	at java.base/java.lang.Thread.run(Thread.java:833)
2023-06-18 23:56:49.084 INFO  [com.kakao.KakaoApplication] - Starting KakaoApplication using Java 18.0.2.1 with PID 9080 (C:\Users\dkdle\OneDrive\Desktop\module-test1\soso\kakao\target\classes started by dkdle in C:\Users\dkdle\OneDrive\Desktop\module-test1)
2023-06-18 23:56:49.088 INFO  [com.kakao.KakaoApplication] - No active profile set, falling back to 1 default profile: "default"
2023-06-18 23:56:49.725 INFO  [o.s.b.w.embedded.tomcat.TomcatWebServer] - Tomcat initialized with port(s): 8081 (http)
2023-06-18 23:56:49.731 INFO  [o.apache.coyote.http11.Http11NioProtocol] - Initializing ProtocolHandler ["http-nio-8081"]
2023-06-18 23:56:49.732 INFO  [o.apache.catalina.core.StandardService] - Starting service [Tomcat]
2023-06-18 23:56:49.732 INFO  [org.apache.catalina.core.StandardEngine] - Starting Servlet engine: [Apache Tomcat/10.1.8]
2023-06-18 23:56:49.793 INFO  [o.a.c.c.C.[Tomcat].[localhost].[/]] - Initializing Spring embedded WebApplicationContext
2023-06-18 23:56:49.793 INFO  [o.s.b.w.s.c.ServletWebServerApplicationContext] - Root WebApplicationContext: initialization completed in 668 ms
2023-06-18 23:56:50.019 INFO  [o.apache.coyote.http11.Http11NioProtocol] - Starting ProtocolHandler ["http-nio-8081"]
2023-06-18 23:56:50.031 INFO  [o.s.b.w.embedded.tomcat.TomcatWebServer] - Tomcat started on port(s): 8081 (http) with context path ''
2023-06-18 23:56:50.038 INFO  [com.kakao.KakaoApplication] - Started KakaoApplication in 1.319 seconds (process running for 1.559)
2023-06-18 23:56:51.933 INFO  [o.a.c.c.C.[Tomcat].[localhost].[/]] - Initializing Spring DispatcherServlet 'dispatcherServlet'
2023-06-18 23:56:51.934 INFO  [o.s.web.servlet.DispatcherServlet] - Initializing Servlet 'dispatcherServlet'
2023-06-18 23:56:51.934 INFO  [o.s.web.servlet.DispatcherServlet] - Completed initialization in 0 ms
2023-06-18 23:56:51.953 ERROR [o.a.c.c.C.[.[.[/].[dispatcherServlet]] - Servlet.service() for servlet [dispatcherServlet] in context with path [] threw exception [Request processing failed: java.lang.NullPointerException: Cannot invoke "com.kakao.ra.itf.KakaoRAO.testAll()" because "this.rao" is null] with root cause
java.lang.NullPointerException: Cannot invoke "com.kakao.ra.itf.KakaoRAO.testAll()" because "this.rao" is null
	at com.kakao.service.KakaoServiceImpl.testAll(KakaoServiceImpl.java:20)
	at com.kakao.controller.KakaoController.kakaoAll(KakaoController.java:33)
	at java.base/jdk.internal.reflect.DirectMethodHandleAccessor.invoke(DirectMethodHandleAccessor.java:104)
	at java.base/java.lang.reflect.Method.invoke(Method.java:577)
	at org.springframework.web.method.support.InvocableHandlerMethod.doInvoke(InvocableHandlerMethod.java:207)
	at org.springframework.web.method.support.InvocableHandlerMethod.invokeForRequest(InvocableHandlerMethod.java:152)
	at org.springframework.web.servlet.mvc.method.annotation.ServletInvocableHandlerMethod.invokeAndHandle(ServletInvocableHandlerMethod.java:118)
	at org.springframework.web.servlet.mvc.method.annotation.RequestMappingHandlerAdapter.invokeHandlerMethod(RequestMappingHandlerAdapter.java:884)
	at org.springframework.web.servlet.mvc.method.annotation.RequestMappingHandlerAdapter.handleInternal(RequestMappingHandlerAdapter.java:797)
	at org.springframework.web.servlet.mvc.method.AbstractHandlerMethodAdapter.handle(AbstractHandlerMethodAdapter.java:87)
	at org.springframework.web.servlet.DispatcherServlet.doDispatch(DispatcherServlet.java:1081)
	at org.springframework.web.servlet.DispatcherServlet.doService(DispatcherServlet.java:974)
	at org.springframework.web.servlet.FrameworkServlet.processRequest(FrameworkServlet.java:1011)
	at org.springframework.web.servlet.FrameworkServlet.doGet(FrameworkServlet.java:903)
	at jakarta.servlet.http.HttpServlet.service(HttpServlet.java:564)
	at org.springframework.web.servlet.FrameworkServlet.service(FrameworkServlet.java:885)
	at jakarta.servlet.http.HttpServlet.service(HttpServlet.java:658)
	at org.apache.catalina.core.ApplicationFilterChain.internalDoFilter(ApplicationFilterChain.java:205)
	at org.apache.catalina.core.ApplicationFilterChain.doFilter(ApplicationFilterChain.java:149)
	at org.apache.tomcat.websocket.server.WsFilter.doFilter(WsFilter.java:51)
	at org.apache.catalina.core.ApplicationFilterChain.internalDoFilter(ApplicationFilterChain.java:174)
	at org.apache.catalina.core.ApplicationFilterChain.doFilter(ApplicationFilterChain.java:149)
	at org.springframework.web.filter.RequestContextFilter.doFilterInternal(RequestContextFilter.java:100)
	at org.springframework.web.filter.OncePerRequestFilter.doFilter(OncePerRequestFilter.java:116)
	at org.apache.catalina.core.ApplicationFilterChain.internalDoFilter(ApplicationFilterChain.java:174)
	at org.apache.catalina.core.ApplicationFilterChain.doFilter(ApplicationFilterChain.java:149)
	at org.springframework.web.filter.FormContentFilter.doFilterInternal(FormContentFilter.java:93)
	at org.springframework.web.filter.OncePerRequestFilter.doFilter(OncePerRequestFilter.java:116)
	at org.apache.catalina.core.ApplicationFilterChain.internalDoFilter(ApplicationFilterChain.java:174)
	at org.apache.catalina.core.ApplicationFilterChain.doFilter(ApplicationFilterChain.java:149)
	at org.springframework.web.filter.CharacterEncodingFilter.doFilterInternal(CharacterEncodingFilter.java:201)
	at org.springframework.web.filter.OncePerRequestFilter.doFilter(OncePerRequestFilter.java:116)
	at org.apache.catalina.core.ApplicationFilterChain.internalDoFilter(ApplicationFilterChain.java:174)
	at org.apache.catalina.core.ApplicationFilterChain.doFilter(ApplicationFilterChain.java:149)
	at org.apache.catalina.core.StandardWrapperValve.invoke(StandardWrapperValve.java:166)
	at org.apache.catalina.core.StandardContextValve.invoke(StandardContextValve.java:90)
	at org.apache.catalina.authenticator.AuthenticatorBase.invoke(AuthenticatorBase.java:482)
	at org.apache.catalina.core.StandardHostValve.invoke(StandardHostValve.java:115)
	at org.apache.catalina.valves.ErrorReportValve.invoke(ErrorReportValve.java:93)
	at org.apache.catalina.core.StandardEngineValve.invoke(StandardEngineValve.java:74)
	at org.apache.catalina.connector.CoyoteAdapter.service(CoyoteAdapter.java:341)
	at org.apache.coyote.http11.Http11Processor.service(Http11Processor.java:390)
	at org.apache.coyote.AbstractProcessorLight.process(AbstractProcessorLight.java:63)
	at org.apache.coyote.AbstractProtocol$ConnectionHandler.process(AbstractProtocol.java:894)
	at org.apache.tomcat.util.net.NioEndpoint$SocketProcessor.doRun(NioEndpoint.java:1741)
	at org.apache.tomcat.util.net.SocketProcessorBase.run(SocketProcessorBase.java:52)
	at org.apache.tomcat.util.threads.ThreadPoolExecutor.runWorker(ThreadPoolExecutor.java:1191)
	at org.apache.tomcat.util.threads.ThreadPoolExecutor$Worker.run(ThreadPoolExecutor.java:659)
	at org.apache.tomcat.util.threads.TaskThread$WrappingRunnable.run(TaskThread.java:61)
	at java.base/java.lang.Thread.run(Thread.java:833)
2023-06-18 23:57:03.378 INFO  [com.kakao.KakaoApplication] - Starting KakaoApplication using Java 18.0.2.1 with PID 11624 (C:\Users\dkdle\OneDrive\Desktop\module-test1\soso\kakao\target\classes started by dkdle in C:\Users\dkdle\OneDrive\Desktop\module-test1)
2023-06-18 23:57:03.381 INFO  [com.kakao.KakaoApplication] - No active profile set, falling back to 1 default profile: "default"
2023-06-18 23:57:04.049 INFO  [o.s.b.w.embedded.tomcat.TomcatWebServer] - Tomcat initialized with port(s): 8081 (http)
2023-06-18 23:57:04.055 INFO  [o.apache.coyote.http11.Http11NioProtocol] - Initializing ProtocolHandler ["http-nio-8081"]
2023-06-18 23:57:04.056 INFO  [o.apache.catalina.core.StandardService] - Starting service [Tomcat]
2023-06-18 23:57:04.056 INFO  [org.apache.catalina.core.StandardEngine] - Starting Servlet engine: [Apache Tomcat/10.1.8]
2023-06-18 23:57:04.119 INFO  [o.a.c.c.C.[Tomcat].[localhost].[/]] - Initializing Spring embedded WebApplicationContext
2023-06-18 23:57:04.119 INFO  [o.s.b.w.s.c.ServletWebServerApplicationContext] - Root WebApplicationContext: initialization completed in 697 ms
2023-06-18 23:57:04.358 INFO  [o.apache.coyote.http11.Http11NioProtocol] - Starting ProtocolHandler ["http-nio-8081"]
2023-06-18 23:57:04.373 INFO  [o.s.b.w.embedded.tomcat.TomcatWebServer] - Tomcat started on port(s): 8081 (http) with context path ''
2023-06-18 23:57:04.380 INFO  [com.kakao.KakaoApplication] - Started KakaoApplication in 1.381 seconds (process running for 1.662)
2023-06-18 23:57:05.442 INFO  [o.a.c.c.C.[Tomcat].[localhost].[/]] - Initializing Spring DispatcherServlet 'dispatcherServlet'
2023-06-18 23:57:05.442 INFO  [o.s.web.servlet.DispatcherServlet] - Initializing Servlet 'dispatcherServlet'
2023-06-18 23:57:05.443 INFO  [o.s.web.servlet.DispatcherServlet] - Completed initialization in 1 ms
2023-06-18 23:57:05.460 ERROR [o.a.c.c.C.[.[.[/].[dispatcherServlet]] - Servlet.service() for servlet [dispatcherServlet] in context with path [] threw exception [Request processing failed: java.lang.NullPointerException: Cannot invoke "com.kakao.ra.itf.KakaoRAO.testAll()" because "this.rao" is null] with root cause
java.lang.NullPointerException: Cannot invoke "com.kakao.ra.itf.KakaoRAO.testAll()" because "this.rao" is null
	at com.kakao.service.KakaoServiceImpl.testAll(KakaoServiceImpl.java:20)
	at com.kakao.controller.KakaoController.kakaoAll(KakaoController.java:33)
	at java.base/jdk.internal.reflect.DirectMethodHandleAccessor.invoke(DirectMethodHandleAccessor.java:104)
	at java.base/java.lang.reflect.Method.invoke(Method.java:577)
	at org.springframework.web.method.support.InvocableHandlerMethod.doInvoke(InvocableHandlerMethod.java:207)
	at org.springframework.web.method.support.InvocableHandlerMethod.invokeForRequest(InvocableHandlerMethod.java:152)
	at org.springframework.web.servlet.mvc.method.annotation.ServletInvocableHandlerMethod.invokeAndHandle(ServletInvocableHandlerMethod.java:118)
	at org.springframework.web.servlet.mvc.method.annotation.RequestMappingHandlerAdapter.invokeHandlerMethod(RequestMappingHandlerAdapter.java:884)
	at org.springframework.web.servlet.mvc.method.annotation.RequestMappingHandlerAdapter.handleInternal(RequestMappingHandlerAdapter.java:797)
	at org.springframework.web.servlet.mvc.method.AbstractHandlerMethodAdapter.handle(AbstractHandlerMethodAdapter.java:87)
	at org.springframework.web.servlet.DispatcherServlet.doDispatch(DispatcherServlet.java:1081)
	at org.springframework.web.servlet.DispatcherServlet.doService(DispatcherServlet.java:974)
	at org.springframework.web.servlet.FrameworkServlet.processRequest(FrameworkServlet.java:1011)
	at org.springframework.web.servlet.FrameworkServlet.doGet(FrameworkServlet.java:903)
	at jakarta.servlet.http.HttpServlet.service(HttpServlet.java:564)
	at org.springframework.web.servlet.FrameworkServlet.service(FrameworkServlet.java:885)
	at jakarta.servlet.http.HttpServlet.service(HttpServlet.java:658)
	at org.apache.catalina.core.ApplicationFilterChain.internalDoFilter(ApplicationFilterChain.java:205)
	at org.apache.catalina.core.ApplicationFilterChain.doFilter(ApplicationFilterChain.java:149)
	at org.apache.tomcat.websocket.server.WsFilter.doFilter(WsFilter.java:51)
	at org.apache.catalina.core.ApplicationFilterChain.internalDoFilter(ApplicationFilterChain.java:174)
	at org.apache.catalina.core.ApplicationFilterChain.doFilter(ApplicationFilterChain.java:149)
	at org.springframework.web.filter.RequestContextFilter.doFilterInternal(RequestContextFilter.java:100)
	at org.springframework.web.filter.OncePerRequestFilter.doFilter(OncePerRequestFilter.java:116)
	at org.apache.catalina.core.ApplicationFilterChain.internalDoFilter(ApplicationFilterChain.java:174)
	at org.apache.catalina.core.ApplicationFilterChain.doFilter(ApplicationFilterChain.java:149)
	at org.springframework.web.filter.FormContentFilter.doFilterInternal(FormContentFilter.java:93)
	at org.springframework.web.filter.OncePerRequestFilter.doFilter(OncePerRequestFilter.java:116)
	at org.apache.catalina.core.ApplicationFilterChain.internalDoFilter(ApplicationFilterChain.java:174)
	at org.apache.catalina.core.ApplicationFilterChain.doFilter(ApplicationFilterChain.java:149)
	at org.springframework.web.filter.CharacterEncodingFilter.doFilterInternal(CharacterEncodingFilter.java:201)
	at org.springframework.web.filter.OncePerRequestFilter.doFilter(OncePerRequestFilter.java:116)
	at org.apache.catalina.core.ApplicationFilterChain.internalDoFilter(ApplicationFilterChain.java:174)
	at org.apache.catalina.core.ApplicationFilterChain.doFilter(ApplicationFilterChain.java:149)
	at org.apache.catalina.core.StandardWrapperValve.invoke(StandardWrapperValve.java:166)
	at org.apache.catalina.core.StandardContextValve.invoke(StandardContextValve.java:90)
	at org.apache.catalina.authenticator.AuthenticatorBase.invoke(AuthenticatorBase.java:482)
	at org.apache.catalina.core.StandardHostValve.invoke(StandardHostValve.java:115)
	at org.apache.catalina.valves.ErrorReportValve.invoke(ErrorReportValve.java:93)
	at org.apache.catalina.core.StandardEngineValve.invoke(StandardEngineValve.java:74)
	at org.apache.catalina.connector.CoyoteAdapter.service(CoyoteAdapter.java:341)
	at org.apache.coyote.http11.Http11Processor.service(Http11Processor.java:390)
	at org.apache.coyote.AbstractProcessorLight.process(AbstractProcessorLight.java:63)
	at org.apache.coyote.AbstractProtocol$ConnectionHandler.process(AbstractProtocol.java:894)
	at org.apache.tomcat.util.net.NioEndpoint$SocketProcessor.doRun(NioEndpoint.java:1741)
	at org.apache.tomcat.util.net.SocketProcessorBase.run(SocketProcessorBase.java:52)
	at org.apache.tomcat.util.threads.ThreadPoolExecutor.runWorker(ThreadPoolExecutor.java:1191)
	at org.apache.tomcat.util.threads.ThreadPoolExecutor$Worker.run(ThreadPoolExecutor.java:659)
	at org.apache.tomcat.util.threads.TaskThread$WrappingRunnable.run(TaskThread.java:61)
	at java.base/java.lang.Thread.run(Thread.java:833)
2023-06-18 23:58:08.051 INFO  [com.kakao.KakaoApplication] - Starting KakaoApplication using Java 18.0.2.1 with PID 13352 (C:\Users\dkdle\OneDrive\Desktop\module-test1\soso\kakao\target\classes started by dkdle in C:\Users\dkdle\OneDrive\Desktop\module-test1)
2023-06-18 23:58:08.053 INFO  [com.kakao.KakaoApplication] - No active profile set, falling back to 1 default profile: "default"
2023-06-18 23:58:08.731 INFO  [o.s.b.w.embedded.tomcat.TomcatWebServer] - Tomcat initialized with port(s): 8081 (http)
2023-06-18 23:58:08.736 INFO  [o.apache.coyote.http11.Http11NioProtocol] - Initializing ProtocolHandler ["http-nio-8081"]
2023-06-18 23:58:08.737 INFO  [o.apache.catalina.core.StandardService] - Starting service [Tomcat]
2023-06-18 23:58:08.737 INFO  [org.apache.catalina.core.StandardEngine] - Starting Servlet engine: [Apache Tomcat/10.1.8]
2023-06-18 23:58:08.798 INFO  [o.a.c.c.C.[Tomcat].[localhost].[/]] - Initializing Spring embedded WebApplicationContext
2023-06-18 23:58:08.798 INFO  [o.s.b.w.s.c.ServletWebServerApplicationContext] - Root WebApplicationContext: initialization completed in 701 ms
2023-06-18 23:58:08.838 WARN  [o.s.b.w.s.c.AnnotationConfigServletWebServerApplicationContext] - Exception encountered during context initialization - cancelling refresh attempt: org.springframework.beans.factory.UnsatisfiedDependencyException: Error creating bean with name 'kakaoRAOImpl': Unsatisfied dependency expressed through field 'mapper': Error creating bean with name 'kakaoRAOImpl': Requested bean is currently in creation: Is there an unresolvable circular reference?
2023-06-18 23:58:08.840 INFO  [o.apache.catalina.core.StandardService] - Stopping service [Tomcat]
2023-06-18 23:58:08.851 INFO  [o.s.b.a.l.ConditionEvaluationReportLogger] - 

Error starting ApplicationContext. To display the condition evaluation report re-run your application with 'debug' enabled.
2023-06-18 23:58:08.868 ERROR [o.s.b.d.LoggingFailureAnalysisReporter] - 

***************************
APPLICATION FAILED TO START
***************************

Description:

The dependencies of some of the beans in the application context form a cycle:

┌──->──┐
|  kakaoRAOImpl (field private com.kakao.ra.itf.KakaoRAO com.kakao.ra.KakaoRAOImpl.mapper)
└──<-──┘


Action:

Relying upon circular references is discouraged and they are prohibited by default. Update your application to remove the dependency cycle between beans. As a last resort, it may be possible to break the cycle automatically by setting spring.main.allow-circular-references to true.

2023-06-18 23:58:42.349 INFO  [com.kakao.KakaoApplication] - Starting KakaoApplication using Java 18.0.2.1 with PID 8132 (C:\Users\dkdle\OneDrive\Desktop\module-test1\soso\kakao\target\classes started by dkdle in C:\Users\dkdle\OneDrive\Desktop\module-test1)
2023-06-18 23:58:42.351 INFO  [com.kakao.KakaoApplication] - No active profile set, falling back to 1 default profile: "default"
2023-06-18 23:58:43.030 INFO  [o.s.b.w.embedded.tomcat.TomcatWebServer] - Tomcat initialized with port(s): 8081 (http)
2023-06-18 23:58:43.035 INFO  [o.apache.coyote.http11.Http11NioProtocol] - Initializing ProtocolHandler ["http-nio-8081"]
2023-06-18 23:58:43.036 INFO  [o.apache.catalina.core.StandardService] - Starting service [Tomcat]
2023-06-18 23:58:43.036 INFO  [org.apache.catalina.core.StandardEngine] - Starting Servlet engine: [Apache Tomcat/10.1.8]
2023-06-18 23:58:43.096 INFO  [o.a.c.c.C.[Tomcat].[localhost].[/]] - Initializing Spring embedded WebApplicationContext
2023-06-18 23:58:43.096 INFO  [o.s.b.w.s.c.ServletWebServerApplicationContext] - Root WebApplicationContext: initialization completed in 705 ms
2023-06-18 23:58:43.320 INFO  [o.apache.coyote.http11.Http11NioProtocol] - Starting ProtocolHandler ["http-nio-8081"]
2023-06-18 23:58:43.333 INFO  [o.s.b.w.embedded.tomcat.TomcatWebServer] - Tomcat started on port(s): 8081 (http) with context path ''
2023-06-18 23:58:43.340 INFO  [com.kakao.KakaoApplication] - Started KakaoApplication in 1.35 seconds (process running for 1.591)
2023-06-18 23:58:46.276 INFO  [o.a.c.c.C.[Tomcat].[localhost].[/]] - Initializing Spring DispatcherServlet 'dispatcherServlet'
2023-06-18 23:58:46.276 INFO  [o.s.web.servlet.DispatcherServlet] - Initializing Servlet 'dispatcherServlet'
2023-06-18 23:58:46.276 INFO  [o.s.web.servlet.DispatcherServlet] - Completed initialization in 0 ms
2023-06-18 23:58:46.293 ERROR [o.a.c.c.C.[.[.[/].[dispatcherServlet]] - Servlet.service() for servlet [dispatcherServlet] in context with path [] threw exception [Request processing failed: java.lang.NullPointerException: Cannot invoke "com.kakao.ra.itf.KakaoRAO.testAll()" because "this.rao" is null] with root cause
java.lang.NullPointerException: Cannot invoke "com.kakao.ra.itf.KakaoRAO.testAll()" because "this.rao" is null
	at com.kakao.service.KakaoServiceImpl.testAll(KakaoServiceImpl.java:20)
	at com.kakao.controller.KakaoController.kakaoAll(KakaoController.java:33)
	at java.base/jdk.internal.reflect.DirectMethodHandleAccessor.invoke(DirectMethodHandleAccessor.java:104)
	at java.base/java.lang.reflect.Method.invoke(Method.java:577)
	at org.springframework.web.method.support.InvocableHandlerMethod.doInvoke(InvocableHandlerMethod.java:207)
	at org.springframework.web.method.support.InvocableHandlerMethod.invokeForRequest(InvocableHandlerMethod.java:152)
	at org.springframework.web.servlet.mvc.method.annotation.ServletInvocableHandlerMethod.invokeAndHandle(ServletInvocableHandlerMethod.java:118)
	at org.springframework.web.servlet.mvc.method.annotation.RequestMappingHandlerAdapter.invokeHandlerMethod(RequestMappingHandlerAdapter.java:884)
	at org.springframework.web.servlet.mvc.method.annotation.RequestMappingHandlerAdapter.handleInternal(RequestMappingHandlerAdapter.java:797)
	at org.springframework.web.servlet.mvc.method.AbstractHandlerMethodAdapter.handle(AbstractHandlerMethodAdapter.java:87)
	at org.springframework.web.servlet.DispatcherServlet.doDispatch(DispatcherServlet.java:1081)
	at org.springframework.web.servlet.DispatcherServlet.doService(DispatcherServlet.java:974)
	at org.springframework.web.servlet.FrameworkServlet.processRequest(FrameworkServlet.java:1011)
	at org.springframework.web.servlet.FrameworkServlet.doGet(FrameworkServlet.java:903)
	at jakarta.servlet.http.HttpServlet.service(HttpServlet.java:564)
	at org.springframework.web.servlet.FrameworkServlet.service(FrameworkServlet.java:885)
	at jakarta.servlet.http.HttpServlet.service(HttpServlet.java:658)
	at org.apache.catalina.core.ApplicationFilterChain.internalDoFilter(ApplicationFilterChain.java:205)
	at org.apache.catalina.core.ApplicationFilterChain.doFilter(ApplicationFilterChain.java:149)
	at org.apache.tomcat.websocket.server.WsFilter.doFilter(WsFilter.java:51)
	at org.apache.catalina.core.ApplicationFilterChain.internalDoFilter(ApplicationFilterChain.java:174)
	at org.apache.catalina.core.ApplicationFilterChain.doFilter(ApplicationFilterChain.java:149)
	at org.springframework.web.filter.RequestContextFilter.doFilterInternal(RequestContextFilter.java:100)
	at org.springframework.web.filter.OncePerRequestFilter.doFilter(OncePerRequestFilter.java:116)
	at org.apache.catalina.core.ApplicationFilterChain.internalDoFilter(ApplicationFilterChain.java:174)
	at org.apache.catalina.core.ApplicationFilterChain.doFilter(ApplicationFilterChain.java:149)
	at org.springframework.web.filter.FormContentFilter.doFilterInternal(FormContentFilter.java:93)
	at org.springframework.web.filter.OncePerRequestFilter.doFilter(OncePerRequestFilter.java:116)
	at org.apache.catalina.core.ApplicationFilterChain.internalDoFilter(ApplicationFilterChain.java:174)
	at org.apache.catalina.core.ApplicationFilterChain.doFilter(ApplicationFilterChain.java:149)
	at org.springframework.web.filter.CharacterEncodingFilter.doFilterInternal(CharacterEncodingFilter.java:201)
	at org.springframework.web.filter.OncePerRequestFilter.doFilter(OncePerRequestFilter.java:116)
	at org.apache.catalina.core.ApplicationFilterChain.internalDoFilter(ApplicationFilterChain.java:174)
	at org.apache.catalina.core.ApplicationFilterChain.doFilter(ApplicationFilterChain.java:149)
	at org.apache.catalina.core.StandardWrapperValve.invoke(StandardWrapperValve.java:166)
	at org.apache.catalina.core.StandardContextValve.invoke(StandardContextValve.java:90)
	at org.apache.catalina.authenticator.AuthenticatorBase.invoke(AuthenticatorBase.java:482)
	at org.apache.catalina.core.StandardHostValve.invoke(StandardHostValve.java:115)
	at org.apache.catalina.valves.ErrorReportValve.invoke(ErrorReportValve.java:93)
	at org.apache.catalina.core.StandardEngineValve.invoke(StandardEngineValve.java:74)
	at org.apache.catalina.connector.CoyoteAdapter.service(CoyoteAdapter.java:341)
	at org.apache.coyote.http11.Http11Processor.service(Http11Processor.java:390)
	at org.apache.coyote.AbstractProcessorLight.process(AbstractProcessorLight.java:63)
	at org.apache.coyote.AbstractProtocol$ConnectionHandler.process(AbstractProtocol.java:894)
	at org.apache.tomcat.util.net.NioEndpoint$SocketProcessor.doRun(NioEndpoint.java:1741)
	at org.apache.tomcat.util.net.SocketProcessorBase.run(SocketProcessorBase.java:52)
	at org.apache.tomcat.util.threads.ThreadPoolExecutor.runWorker(ThreadPoolExecutor.java:1191)
	at org.apache.tomcat.util.threads.ThreadPoolExecutor$Worker.run(ThreadPoolExecutor.java:659)
	at org.apache.tomcat.util.threads.TaskThread$WrappingRunnable.run(TaskThread.java:61)
	at java.base/java.lang.Thread.run(Thread.java:833)
